0 info it worked if it ends with ok
1 verbose cli [ '/usr/local/bin/node',
1 verbose cli   '/usr/local/bin/npm',
1 verbose cli   'install',
1 verbose cli   '-g',
1 verbose cli   'https://github.com/ionic-team/ionic-cli.git' ]
2 info using npm@3.10.8
3 info using node@v6.9.1
4 silly loadCurrentTree Starting
5 silly install loadCurrentTree
6 silly install readGlobalPackageData
7 silly fetchPackageMetaData https://github.com/ionic-team/ionic-cli.git
8 silly fetchOtherPackageData https://github.com/ionic-team/ionic-cli.git
9 silly cache add args [ 'https://github.com/ionic-team/ionic-cli.git', null ]
10 verbose cache add spec https://github.com/ionic-team/ionic-cli.git
11 silly cache add parsed spec Result {
11 silly cache add   raw: 'https://github.com/ionic-team/ionic-cli.git',
11 silly cache add   scope: null,
11 silly cache add   escapedName: null,
11 silly cache add   name: null,
11 silly cache add   rawSpec: 'https://github.com/ionic-team/ionic-cli.git',
11 silly cache add   spec: 'git+https://github.com/ionic-team/ionic-cli.git',
11 silly cache add   type: 'hosted',
11 silly cache add   hosted:
11 silly cache add    { type: 'github',
11 silly cache add      ssh: 'git@github.com:ionic-team/ionic-cli.git',
11 silly cache add      sshUrl: 'git+ssh://git@github.com/ionic-team/ionic-cli.git',
11 silly cache add      httpsUrl: 'git+https://github.com/ionic-team/ionic-cli.git',
11 silly cache add      gitUrl: 'git://github.com/ionic-team/ionic-cli.git',
11 silly cache add      shortcut: 'github:ionic-team/ionic-cli',
11 silly cache add      directUrl: 'https://raw.githubusercontent.com/ionic-team/ionic-cli/master/package.json' } }
12 verbose addRemoteGit caching https://github.com/ionic-team/ionic-cli.git
13 verbose addRemoteGit git+https://github.com/ionic-team/ionic-cli.git is a repository hosted by github
14 silly tryClone cloning git+https://github.com/ionic-team/ionic-cli.git via git+https://github.com/ionic-team/ionic-cli.git
15 verbose tryClone git-https-github-com-ionic-team-ionic-cli-git-441e0f50 not in flight; caching
16 verbose correctMkdir /Users/neogeekscamp/.npm/_git-remotes correctMkdir not in flight; initializing
17 verbose makeDirectory /Users/neogeekscamp/.npm/_git-remotes creation not in flight; initializing
18 silly makeDirectory /Users/neogeekscamp/.npm/_git-remotes uid: 501 gid: 20
19 info git [ 'clone',
19 info git   '--template=/Users/neogeekscamp/.npm/_git-remotes/_templates',
19 info git   '--mirror',
19 info git   'https://github.com/ionic-team/ionic-cli.git',
19 info git   '/Users/neogeekscamp/.npm/_git-remotes/git-https-github-com-ionic-team-ionic-cli-git-441e0f50' ]
20 verbose mirrorRemote git+https://github.com/ionic-team/ionic-cli.git git clone https://github.com/ionic-team/ionic-cli.git
21 verbose correctMkdir /Users/neogeekscamp/.npm/_git-remotes correctMkdir not in flight; initializing
22 verbose setPermissions git+https://github.com/ionic-team/ionic-cli.git set permissions on /Users/neogeekscamp/.npm/_git-remotes/git-https-github-com-ionic-team-ionic-cli-git-441e0f50
23 verbose resolveHead git+https://github.com/ionic-team/ionic-cli.git original treeish: master
24 info git [ 'rev-list', '-n1', 'master' ]
25 silly resolveHead git+https://github.com/ionic-team/ionic-cli.git resolved treeish: e838a5d78423514102aa06fe65af091d44fb87b3
26 verbose resolveHead git+https://github.com/ionic-team/ionic-cli.git resolved Git URL: git+https://github.com/ionic-team/ionic-cli.git#e838a5d78423514102aa06fe65af091d44fb87b3
27 silly resolveHead Git working directory: /var/folders/tr/3_phqx2x20g5kn4l_rbl3yg00000gn/T/npm-1242-2cd5be3e/git-cache-f8b48772/e838a5d78423514102aa06fe65af091d44fb87b3
28 info git [ 'clone',
28 info git   '/Users/neogeekscamp/.npm/_git-remotes/git-https-github-com-ionic-team-ionic-cli-git-441e0f50',
28 info git   '/var/folders/tr/3_phqx2x20g5kn4l_rbl3yg00000gn/T/npm-1242-2cd5be3e/git-cache-f8b48772/e838a5d78423514102aa06fe65af091d44fb87b3' ]
29 verbose cloneResolved git+https://github.com/ionic-team/ionic-cli.git clone Cloning into '/var/folders/tr/3_phqx2x20g5kn4l_rbl3yg00000gn/T/npm-1242-2cd5be3e/git-cache-f8b48772/e838a5d78423514102aa06fe65af091d44fb87b3'...
29 verbose cloneResolved done.
30 info git [ 'checkout', 'e838a5d78423514102aa06fe65af091d44fb87b3' ]
31 verbose checkoutTreeish git+https://github.com/ionic-team/ionic-cli.git checkout Note: checking out 'e838a5d78423514102aa06fe65af091d44fb87b3'.
31 verbose checkoutTreeish
31 verbose checkoutTreeish You are in 'detached HEAD' state. You can look around, make experimental
31 verbose checkoutTreeish changes and commit them, and you can discard any commits you make in this
31 verbose checkoutTreeish state without impacting any branches by performing another checkout.
31 verbose checkoutTreeish
31 verbose checkoutTreeish If you want to create a new branch to retain commits you create, you may
31 verbose checkoutTreeish do so (now or later) by using -b with the checkout command again. Example:
31 verbose checkoutTreeish
31 verbose checkoutTreeish   git checkout -b <new-branch-name>
31 verbose checkoutTreeish
31 verbose checkoutTreeish HEAD is now at e838a5d7... fix(hooks): show execution of npm script hooks
32 info git [ 'submodule', '-q', 'update', '--init', '--recursive' ]
33 verbose updateSubmodules git+https://github.com/ionic-team/ionic-cli.git submodule update
34 error addLocal Could not install /var/folders/tr/3_phqx2x20g5kn4l_rbl3yg00000gn/T/npm-1242-2cd5be3e/git-cache-f8b48772/e838a5d78423514102aa06fe65af091d44fb87b3
35 silly fetchPackageMetaData Error: No name provided in package.json
35 silly fetchPackageMetaData     at /usr/local/lib/node_modules/npm/lib/cache/add-local.js:65:17
35 silly fetchPackageMetaData     at /usr/local/lib/node_modules/npm/node_modules/read-package-json/read-json.js:356:5
35 silly fetchPackageMetaData     at checkBinReferences_ (/usr/local/lib/node_modules/npm/node_modules/read-package-json/read-json.js:320:45)
35 silly fetchPackageMetaData     at final (/usr/local/lib/node_modules/npm/node_modules/read-package-json/read-json.js:354:3)
35 silly fetchPackageMetaData     at then (/usr/local/lib/node_modules/npm/node_modules/read-package-json/read-json.js:124:5)
35 silly fetchPackageMetaData     at /usr/local/lib/node_modules/npm/node_modules/read-package-json/read-json.js:243:12
35 silly fetchPackageMetaData     at /usr/local/lib/node_modules/npm/node_modules/graceful-fs/graceful-fs.js:78:16
35 silly fetchPackageMetaData     at tryToString (fs.js:455:3)
35 silly fetchPackageMetaData     at FSReqWrap.readFileAfterClose [as oncomplete] (fs.js:442:12)
35 silly fetchPackageMetaData  error for https://github.com/ionic-team/ionic-cli.git Error: No name provided in package.json
35 silly fetchPackageMetaData     at /usr/local/lib/node_modules/npm/lib/cache/add-local.js:65:17
35 silly fetchPackageMetaData     at /usr/local/lib/node_modules/npm/node_modules/read-package-json/read-json.js:356:5
35 silly fetchPackageMetaData     at checkBinReferences_ (/usr/local/lib/node_modules/npm/node_modules/read-package-json/read-json.js:320:45)
35 silly fetchPackageMetaData     at final (/usr/local/lib/node_modules/npm/node_modules/read-package-json/read-json.js:354:3)
35 silly fetchPackageMetaData     at then (/usr/local/lib/node_modules/npm/node_modules/read-package-json/read-json.js:124:5)
35 silly fetchPackageMetaData     at /usr/local/lib/node_modules/npm/node_modules/read-package-json/read-json.js:243:12
35 silly fetchPackageMetaData     at /usr/local/lib/node_modules/npm/node_modules/graceful-fs/graceful-fs.js:78:16
35 silly fetchPackageMetaData     at tryToString (fs.js:455:3)
35 silly fetchPackageMetaData     at FSReqWrap.readFileAfterClose [as oncomplete] (fs.js:442:12)
36 silly rollbackFailedOptional Starting
37 silly rollbackFailedOptional Finishing
38 silly runTopLevelLifecycles Finishing
39 silly install printInstalled
40 verbose stack Error: No name provided in package.json
40 verbose stack     at /usr/local/lib/node_modules/npm/lib/cache/add-local.js:65:17
40 verbose stack     at /usr/local/lib/node_modules/npm/node_modules/read-package-json/read-json.js:356:5
40 verbose stack     at checkBinReferences_ (/usr/local/lib/node_modules/npm/node_modules/read-package-json/read-json.js:320:45)
40 verbose stack     at final (/usr/local/lib/node_modules/npm/node_modules/read-package-json/read-json.js:354:3)
40 verbose stack     at then (/usr/local/lib/node_modules/npm/node_modules/read-package-json/read-json.js:124:5)
40 verbose stack     at /usr/local/lib/node_modules/npm/node_modules/read-package-json/read-json.js:243:12
40 verbose stack     at /usr/local/lib/node_modules/npm/node_modules/graceful-fs/graceful-fs.js:78:16
40 verbose stack     at tryToString (fs.js:455:3)
40 verbose stack     at FSReqWrap.readFileAfterClose [as oncomplete] (fs.js:442:12)
41 verbose cwd /Users/neogeekscamp/Desktop/LiveInHybridiOSold 2
42 error Darwin 16.4.0
43 error argv "/usr/local/bin/node" "/usr/local/bin/npm" "install" "-g" "https://github.com/ionic-team/ionic-cli.git"
44 error node v6.9.1
45 error npm  v3.10.8
46 error No name provided in package.json
47 error If you need help, you may report this error at:
47 error     <https://github.com/npm/npm/issues>
48 verbose exit [ 1, true ]
